0 info it worked if it ends with ok
1 verbose cli [ 'C:\\Program Files\\nodejs\\node.exe',
1 verbose cli   'C:\\Program Files\\nodejs\\node_modules\\npm\\bin\\npm-cli.js',
1 verbose cli   'start' ]
2 info using npm@3.10.10
3 info using node@v6.10.3
4 verbose run-script [ 'prestart', 'start', 'poststart' ]
5 info lifecycle application-portal-frontend@1.0.0~prestart: application-portal-frontend@1.0.0
6 silly lifecycle application-portal-frontend@1.0.0~prestart: no script for prestart, continuing
7 info lifecycle application-portal-frontend@1.0.0~start: application-portal-frontend@1.0.0
8 verbose lifecycle application-portal-frontend@1.0.0~start: unsafe-perm in lifecycle true
9 verbose lifecycle application-portal-frontend@1.0.0~start: PATH: C:\Program Files\nodejs\node_modules\npm\bin\node-gyp-bin;F:\All Projects\upwork Project\application-portal-frontend-master\node_modules\.bin;C:\Windows\system32;C:\Windows;C:\Windows\System32\Wbem;C:\Windows\System32\WindowsPowerShell\v1.0\;C:\Program Files (x86)\ATI Technologies\ATI.ACE\Core-Static;C:\Program Files (x86)\Java;\bin;C:\php;C:\ProgramData\ComposerSetup\bin;C:\Program Files (x86)\Bitvise SSH Client;C:\Program Files (x86)\OpenVPN\bin;C:\Program Files\nodejs\;C:\Program Files\Git\cmd;C:\Program Files\TortoiseSVN\bin;C:\Users\parth_patel\AppData\Roaming\npm;C:\Program Files\PuTTY\;C:\Program Files (x86)\NMDVPN\bin;C:\php;C:\Users\parth_patel\AppData\Roaming\Composer\vendor\bin;C:\Program Files\Git\cmd;C:\Users\parth_patel\AppData\Roaming\npm;C:\Users\parth_patel\AppData\Local\Android\android-sdk;C:\Users\parth_patel\AppData\Local\Android\android-sdk\tools\bin;C:\Users\parth_patel\AppData\Local\Android\android-sdk\tools\lib;C:\Program Files (x86)\Java\jdk1.6.0_11;C:\Program Files\Java\jre1.8.0_151;C:\php7;C:\Program Files\heroku\bin
10 verbose lifecycle application-portal-frontend@1.0.0~start: CWD: F:\All Projects\upwork Project\application-portal-frontend-master
11 silly lifecycle application-portal-frontend@1.0.0~start: Args: [ '/d /s /c', 'dotenv gulp serve' ]
12 silly lifecycle application-portal-frontend@1.0.0~start: Returned: code: 3221225786  signal: null
13 info lifecycle application-portal-frontend@1.0.0~start: Failed to exec start script
14 verbose stack Error: application-portal-frontend@1.0.0 start: `dotenv gulp serve`
14 verbose stack Exit status 3221225786
14 verbose stack     at EventEmitter.<anonymous> (C:\Program Files\nodejs\node_modules\npm\lib\utils\lifecycle.js:255:16)
14 verbose stack     at emitTwo (events.js:106:13)
14 verbose stack     at EventEmitter.emit (events.js:191:7)
14 verbose stack     at ChildProcess.<anonymous> (C:\Program Files\nodejs\node_modules\npm\lib\utils\spawn.js:40:14)
14 verbose stack     at emitTwo (events.js:106:13)
14 verbose stack     at ChildProcess.emit (events.js:191:7)
14 verbose stack     at maybeClose (internal/child_process.js:886:16)
14 verbose stack     at Process.ChildProcess._handle.onexit (internal/child_process.js:226:5)
15 verbose pkgid application-portal-frontend@1.0.0
16 verbose cwd F:\All Projects\upwork Project\application-portal-frontend-master
17 error Windows_NT 6.3.9600
18 error argv "C:\\Program Files\\nodejs\\node.exe" "C:\\Program Files\\nodejs\\node_modules\\npm\\bin\\npm-cli.js" "start"
19 error node v6.10.3
20 error npm  v3.10.10
21 error code ELIFECYCLE
22 error application-portal-frontend@1.0.0 start: `dotenv gulp serve`
22 error Exit status 3221225786
23 error Failed at the application-portal-frontend@1.0.0 start script 'dotenv gulp serve'.
23 error Make sure you have the latest version of node.js and npm installed.
23 error If you do, this is most likely a problem with the application-portal-frontend package,
23 error not with npm itself.
23 error Tell the author that this fails on your system:
23 error     dotenv gulp serve
23 error You can get information on how to open an issue for this project with:
23 error     npm bugs application-portal-frontend
23 error Or if that isn't available, you can get their info via:
23 error     npm owner ls application-portal-frontend
23 error There is likely additional logging output above.
24 verbose exit [ 1, true ]
